<?xml version="1.0" encoding="UTF-8"?>
<!-- Generated by org.testng.reporters.JUnitReportReporter -->
<testsuite hostname="LAPTOP-LP64PCIC" failures="0" tests="8" name="TestNG.TestNGBasics" time="0.465" errors="0" timestamp="2021-07-05T19:24:51 IST" skipped="0">
  <testcase classname="TestNG.TestNGBasics" name="iAmFeeling" time="0.058"/>
  <system-out/>
  <testcase classname="TestNG.TestNGBasics" name="iAmFeeling" time="0.117"/>
  <system-out/>
  <testcase classname="TestNG.TestNGBasics" name="getTitleTest" time="0.020"/>
  <system-out/>
  <testcase classname="TestNG.TestNGBasics" name="iAmFeeling" time="0.049"/>
  <system-out/>
  <testcase classname="TestNG.TestNGBasics" name="checkLogoVisible" time="0.065"/>
  <system-out/>
  <testcase classname="TestNG.TestNGBasics" name="gmailLink" time="0.057"/>
  <system-out/>
  <testcase classname="TestNG.TestNGBasics" name="checkSearchBox" time="0.046"/>
  <system-out/>
  <testcase classname="TestNG.TestNGBasics" name="checkSearchButton" time="0.053"/>
  <system-out/>
</testsuite> <!-- TestNG.TestNGBasics -->
